
> @equinor/amplify-components@7.9.12 build-storybook
> NODE_OPTIONS='--openssl-legacy-provider --max-old-space-size=2048' storybook build --output-dir /var/folders/0m/8gt_k225255dxvm5hdptxr_c0000gq/T/chromatic--18536-XvuksUW2SIdV

@storybook/cli v8.0.8

info => Cleaning outputDir: ../../../../../var/folders/0m/8gt_k225255dxvm5hdptxr_c0000gq/T/chromatic--18536-XvuksUW2SIdV
info => Loading presets
info Found existing addon "@storybook/addon-docs", skipping.
info Found existing addon "@storybook/addon-actions", skipping.
info Found existing addon "@storybook/addon-docs", skipping.
info Found existing addon "@storybook/addon-actions", skipping.
info => Building manager..
info => Manager built (354 ms)
info => Building preview..
info => Copying static files: static at ../../../../../var/folders/0m/8gt_k225255dxvm5hdptxr_c0000gq/T/chromatic--18536-XvuksUW2SIdV
info Using tsconfig paths for react-docgen
[36mvite v5.2.8 [32mbuilding for production...[36m[39m
transforming...
[32m✓[39m 2449 modules transformed.
rendering chunks...
computing gzip size...
[2m../../../../../var/folders/0m/8gt_k225255dxvm5hdptxr_c0000gq/T/chromatic--18536-XvuksUW2SIdV/[22m[32miframe.html                                       [39m[1m[2m   13.32 kB[22m[1m[22m[2m │ gzip:   3.74 kB[22m
[2m../../../../../var/folders/0m/8gt_k225255dxvm5hdptxr_c0000gq/T/chromatic--18536-XvuksUW2SIdV/[22m[2massets/[22m[35mindex-DOzw0NnS.css                         [39m[1m[2m    1.41 kB[22m[1m[22m[2m │ gzip:   0.67 kB[22m
[2m../../../../../var/folders/0m/8gt_k225255dxvm5hdptxr_c0000gq/T/chromatic--18536-XvuksUW2SIdV/[22m[2massets/[22m[36mpreview-B4GcaC1c.js                        [39m[1m[2m    0.07 kB[22m[1m[22m[2m │ gzip:   0.08 kB[22m
[2m../../../../../var/folders/0m/8gt_k225255dxvm5hdptxr_c0000gq/T/chromatic--18536-XvuksUW2SIdV/[22m[2massets/[22m[36mobjectDestructuringEmpty-FQm1net5.js       [39m[1m[2m    0.09 kB[22m[1m[22m[2m │ gzip:   0.10 kB[22m
[2m../../../../../var/folders/0m/8gt_k225255dxvm5hdptxr_c0000gq/T/chromatic--18536-XvuksUW2SIdV/[22m[2massets/[22m[36museIsomorphicLayoutEffect-BfBQtX_W.js      [39m[1m[2m    0.11 kB[22m[1m[22m[2m │ gzip:   0.12 kB[22m
[2m../../../../../var/folders/0m/8gt_k225255dxvm5hdptxr_c0000gq/T/chromatic--18536-XvuksUW2SIdV/[22m[2massets/[22m[36mEnvironment-CQ81R7UY.js                    [39m[1m[2m    0.13 kB[22m[1m[22m[2m │ gzip:   0.14 kB[22m
[2m../../../../../var/folders/0m/8gt_k225255dxvm5hdptxr_c0000gq/T/chromatic--18536-XvuksUW2SIdV/[22m[2massets/[22m[36mSkeleton.styles-D-QsyTDz.js                [39m[1m[2m    0.17 kB[22m[1m[22m[2m │ gzip:   0.13 kB[22m
[2m../../../../../var/folders/0m/8gt_k225255dxvm5hdptxr_c0000gq/T/chromatic--18536-XvuksUW2SIdV/[22m[2massets/[22m[36mcommon-Ct_xiYm7.js                         [39m[1m[2m    0.19 kB[22m[1m[22m[2m │ gzip:   0.14 kB[22m
[2m../../../../../var/folders/0m/8gt_k225255dxvm5hdptxr_c0000gq/T/chromatic--18536-XvuksUW2SIdV/[22m[2massets/[22m[36mextends-CCbyfPlC.js                        [39m[1m[2m    0.24 kB[22m[1m[22m[2m │ gzip:   0.19 kB[22m
[2m../../../../../var/folders/0m/8gt_k225255dxvm5hdptxr_c0000gq/T/chromatic--18536-XvuksUW2SIdV/[22m[2massets/[22m[36museOutsideClick-JMaZiMQ5.js                [39m[1m[2m    0.25 kB[22m[1m[22m[2m │ gzip:   0.19 kB[22m
[2m../../../../../var/folders/0m/8gt_k225255dxvm5hdptxr_c0000gq/T/chromatic--18536-XvuksUW2SIdV/[22m[2massets/[22m[36museGlobalKeyPress-C0hTMtxT.js              [39m[1m[2m    0.27 kB[22m[1m[22m[2m │ gzip:   0.20 kB[22m
[2m../../../../../var/folders/0m/8gt_k225255dxvm5hdptxr_c0000gq/T/chromatic--18536-XvuksUW2SIdV/[22m[2massets/[22m[36mmergeRefs--aylZMuU.js                      [39m[1m[2m    0.28 kB[22m[1m[22m[2m │ gzip:   0.22 kB[22m
[2m../../../../../var/folders/0m/8gt_k225255dxvm5hdptxr_c0000gq/T/chromatic--18536-XvuksUW2SIdV/[22m[2massets/[22m[36museId-CccBgMUv.js                          [39m[1m[2m    0.29 kB[22m[1m[22m[2m │ gzip:   0.24 kB[22m
[2m../../../../../var/folders/0m/8gt_k225255dxvm5hdptxr_c0000gq/T/chromatic--18536-XvuksUW2SIdV/[22m[2massets/[22m[36museMockProgress-vuTcX6pD.js                [39m[1m[2m    0.30 kB[22m[1m[22m[2m │ gzip:   0.22 kB[22m
[2m../../../../../var/folders/0m/8gt_k225255dxvm5hdptxr_c0000gq/T/chromatic--18536-XvuksUW2SIdV/[22m[2massets/[22m[36mWithTooltip-Y7J54OF7-DdQzTXo_.js           [39m[1m[2m    0.36 kB[22m[1m[22m[2m │ gzip:   0.21 kB[22m
[2m../../../../../var/folders/0m/8gt_k225255dxvm5hdptxr_c0000gq/T/chromatic--18536-XvuksUW2SIdV/[22m[2massets/[22m[36mDocsRenderer-K4EAMTCU-tGt02-kB.js          [39m[1m[2m    0.39 kB[22m[1m[22m[2m │ gzip:   0.24 kB[22m
[2m../../../../../var/folders/0m/8gt_k225255dxvm5hdptxr_c0000gq/T/chromatic--18536-XvuksUW2SIdV/[22m[2massets/[22m[36msyntaxhighlighter-JOJW2KGS-V2qx5XXd.js     [39m[1m[2m    0.40 kB[22m[1m[22m[2m │ gzip:   0.25 kB[22m
[2m../../../../../var/folders/0m/8gt_k225255dxvm5hdptxr_c0000gq/T/chromatic--18536-XvuksUW2SIdV/[22m[2massets/[22m[36mspacings-CGLUmnng.js                       [39m[1m[2m    0.42 kB[22m[1m[22m[2m │ gzip:   0.16 kB[22m
[2m../../../../../var/folders/0m/8gt_k225255dxvm5hdptxr_c0000gq/T/chromatic--18536-XvuksUW2SIdV/[22m[2massets/[22m[36mindex-_byTH_QA.js                          [39m[1m[2m    0.42 kB[22m[1m[22m[2m │ gzip:   0.27 kB[22m
[2m../../../../../var/folders/0m/8gt_k225255dxvm5hdptxr_c0000gq/T/chromatic--18536-XvuksUW2SIdV/[22m[2massets/[22m[36mfocus-DV-e3hlC.js                          [39m[1m[2m    0.44 kB[22m[1m[22m[2m │ gzip:   0.30 kB[22m
[2m../../../../../var/folders/0m/8gt_k225255dxvm5hdptxr_c0000gq/T/chromatic--18536-XvuksUW2SIdV/[22m[2massets/[22m[36mPropsTable-DvZLt8RH.js                     [39m[1m[2m    0.45 kB[22m[1m[22m[2m │ gzip:   0.33 kB[22m
[2m../../../../../var/folders/0m/8gt_k225255dxvm5hdptxr_c0000gq/T/chromatic--18536-XvuksUW2SIdV/[22m[2massets/[22m[36mpreview-umcdXluT.js                        [39m[1m[2m    0.45 kB[22m[1m[22m[2m │ gzip:   0.31 kB[22m
[2m../../../../../var/folders/0m/8gt_k225255dxvm5hdptxr_c0000gq/T/chromatic--18536-XvuksUW2SIdV/[22m[2massets/[22m[36mOptionalTooltip-u7KI_gFh.js                [39m[1m[2m    0.53 kB[22m[1m[22m[2m │ gzip:   0.36 kB[22m
[2m../../../../../var/folders/0m/8gt_k225255dxvm5hdptxr_c0000gq/T/chromatic--18536-XvuksUW2SIdV/[22m[2massets/[22m[36mreact-18-CI8yMWlx.js                       [39m[1m[2m    0.55 kB[22m[1m[22m[2m │ gzip:   0.34 kB[22m
[2m../../../../../var/folders/0m/8gt_k225255dxvm5hdptxr_c0000gq/T/chromatic--18536-XvuksUW2SIdV/[22m[2massets/[22m[36mUnauthorized-tnYGADjs.js                   [39m[1m[2m    0.56 kB[22m[1m[22m[2m │ gzip:   0.38 kB[22m
[2m../../../../../var/folders/0m/8gt_k225255dxvm5hdptxr_c0000gq/T/chromatic--18536-XvuksUW2SIdV/[22m[2massets/[22m[36mpreview-PxUn-cIn.js                        [39m[1m[2m    0.64 kB[22m[1m[22m[2m │ gzip:   0.44 kB[22m
[2m../../../../../var/folders/0m/8gt_k225255dxvm5hdptxr_c0000gq/T/chromatic--18536-XvuksUW2SIdV/[22m[2massets/[22m[36mSearch-BVM5_uG8.js                         [39m[1m[2m    0.65 kB[22m[1m[22m[2m │ gzip:   0.44 kB[22m
[2m../../../../../var/folders/0m/8gt_k225255dxvm5hdptxr_c0000gq/T/chromatic--18536-XvuksUW2SIdV/[22m[2massets/[22m[36mSkeletonBase-C8-vju4r.js                   [39m[1m[2m    0.67 kB[22m[1m[22m[2m │ gzip:   0.40 kB[22m
[2m../../../../../var/folders/0m/8gt_k225255dxvm5hdptxr_c0000gq/T/chromatic--18536-XvuksUW2SIdV/[22m[2massets/[22m[36mborders-DzwDmP-_.js                        [39m[1m[2m    0.70 kB[22m[1m[22m[2m │ gzip:   0.33 kB[22m
[2m../../../../../var/folders/0m/8gt_k225255dxvm5hdptxr_c0000gq/T/chromatic--18536-XvuksUW2SIdV/[22m[2massets/[22m[36mPaper-BjLa9k5a.js                          [39m[1m[2m    0.71 kB[22m[1m[22m[2m │ gzip:   0.46 kB[22m
[2m../../../../../var/folders/0m/8gt_k225255dxvm5hdptxr_c0000gq/T/chromatic--18536-XvuksUW2SIdV/[22m[2massets/[22m[36mSideBarProvider-CMTrfmgj.js                [39m[1m[2m    0.72 kB[22m[1m[22m[2m │ gzip:   0.47 kB[22m
[2m../../../../../var/folders/0m/8gt_k225255dxvm5hdptxr_c0000gq/T/chromatic--18536-XvuksUW2SIdV/[22m[2massets/[22m[36mTextField-DaU8Cyhh.js                      [39m[1m[2m    0.72 kB[22m[1m[22m[2m │ gzip:   0.42 kB[22m
[2m../../../../../var/folders/0m/8gt_k225255dxvm5hdptxr_c0000gq/T/chromatic--18536-XvuksUW2SIdV/[22m[2massets/[22m[36mUtilStory-CztTKMxm.js                      [39m[1m[2m    0.75 kB[22m[1m[22m[2m │ gzip:   0.47 kB[22m
[2m../../../../../var/folders/0m/8gt_k225255dxvm5hdptxr_c0000gq/T/chromatic--18536-XvuksUW2SIdV/[22m[2massets/[22m[36mEquinorLogo.stories-CC-Ib_qA.js            [39m[1m[2m    0.76 kB[22m[1m[22m[2m │ gzip:   0.46 kB[22m
[2m../../../../../var/folders/0m/8gt_k225255dxvm5hdptxr_c0000gq/T/chromatic--18536-XvuksUW2SIdV/[22m[2massets/[22m[36mindex-DrFu-skq.js                          [39m[1m[2m    0.77 kB[22m[1m[22m[2m │ gzip:   0.47 kB[22m
[2m../../../../../var/folders/0m/8gt_k225255dxvm5hdptxr_c0000gq/T/chromatic--18536-XvuksUW2SIdV/[22m[2massets/[22m[36mFeedBackIcon.stories-BApTYUJD.js           [39m[1m[2m    0.77 kB[22m[1m[22m[2m │ gzip:   0.45 kB[22m
[2m../../../../../var/folders/0m/8gt_k225255dxvm5hdptxr_c0000gq/T/chromatic--18536-XvuksUW2SIdV/[22m[2massets/[22m[36mindex-Beu9b4Vr.js                          [39m[1m[2m    0.79 kB[22m[1m[22m[2m │ gzip:   0.51 kB[22m
[2m../../../../../var/folders/0m/8gt_k225255dxvm5hdptxr_c0000gq/T/chromatic--18536-XvuksUW2SIdV/[22m[2massets/[22m[36mpreview-Cv3rAi2i.js                        [39m[1m[2m    0.86 kB[22m[1m[22m[2m │ gzip:   0.55 kB[22m
[2m../../../../../var/folders/0m/8gt_k225255dxvm5hdptxr_c0000gq/T/chromatic--18536-XvuksUW2SIdV/[22m[2massets/[22m[36mv4-D8aEg3BZ.js                             [39m[1m[2m    0.87 kB[22m[1m[22m[2m │ gzip:   0.46 kB[22m
[2m../../../../../var/folders/0m/8gt_k225255dxvm5hdptxr_c0000gq/T/chromatic--18536-XvuksUW2SIdV/[22m[2massets/[22m[36mindex-DfaNBOjf.js                          [39m[1m[2m    0.90 kB[22m[1m[22m[2m │ gzip:   0.42 kB[22m
[2m../../../../../var/folders/0m/8gt_k225255dxvm5hdptxr_c0000gq/T/chromatic--18536-XvuksUW2SIdV/[22m[2massets/[22m[36mjsx-runtime-Du8NFWEI.js                    [39m[1m[2m    0.92 kB[22m[1m[22m[2m │ gzip:   0.58 kB[22m
[2m../../../../../var/folders/0m/8gt_k225255dxvm5hdptxr_c0000gq/T/chromatic--18536-XvuksUW2SIdV/[22m[2massets/[22m[36mSnackbarProvider-BL4OKre4.js               [39m[1m[2m    0.95 kB[22m[1m[22m[2m │ gzip:   0.56 kB[22m
[2m../../../../../var/folders/0m/8gt_k225255dxvm5hdptxr_c0000gq/T/chromatic--18536-XvuksUW2SIdV/[22m[2massets/[22m[36mTopBarMenu-BjESfDo3.js                     [39m[1m[2m    0.96 kB[22m[1m[22m[2m │ gzip:   0.61 kB[22m
[2m../../../../../var/folders/0m/8gt_k225255dxvm5hdptxr_c0000gq/T/chromatic--18536-XvuksUW2SIdV/[22m[2massets/[22m[36mApplicationIcon.stories-DMjATAyT.js        [39m[1m[2m    0.96 kB[22m[1m[22m[2m │ gzip:   0.57 kB[22m
[2m../../../../../var/folders/0m/8gt_k225255dxvm5hdptxr_c0000gq/T/chromatic--18536-XvuksUW2SIdV/[22m[2massets/[22m[36mpreview-D8njpjXg.js                        [39m[1m[2m    1.01 kB[22m[1m[22m[2m │ gzip:   0.61 kB[22m
[2m../../../../../var/folders/0m/8gt_k225255dxvm5hdptxr_c0000gq/T/chromatic--18536-XvuksUW2SIdV/[22m[2massets/[22m[36murl.stories-Csk6u3WK.js                    [39m[1m[2m    1.06 kB[22m[1m[22m[2m │ gzip:   0.58 kB[22m
[2m../../../../../var/folders/0m/8gt_k225255dxvm5hdptxr_c0000gq/T/chromatic--18536-XvuksUW2SIdV/[22m[2massets/[22m[36mslicedToArray-usqmrC_F.js                  [39m[1m[2m    1.08 kB[22m[1m[22m[2m │ gzip:   0.63 kB[22m
[2m../../../../../var/folders/0m/8gt_k225255dxvm5hdptxr_c0000gq/T/chromatic--18536-XvuksUW2SIdV/[22m[2massets/[22m[36mCopyText.stories-BaZLA8wt.js               [39m[1m[2m    1.10 kB[22m[1m[22m[2m │ gzip:   0.60 kB[22m
[2m../../../../../var/folders/0m/8gt_k225255dxvm5hdptxr_c0000gq/T/chromatic--18536-XvuksUW2SIdV/[22m[2massets/[22m[36mAvatar-gp6FU_C-.js                         [39m[1m[2m    1.15 kB[22m[1m[22m[2m │ gzip:   0.67 kB[22m
[2m../../../../../var/folders/0m/8gt_k225255dxvm5hdptxr_c0000gq/T/chromatic--18536-XvuksUW2SIdV/[22m[2massets/[22m[36mAnimatedCheckmark-QYC2Aq-8.js              [39m[1m[2m    1.16 kB[22m[1m[22m[2m │ gzip:   0.65 kB[22m
[2m../../../../../var/folders/0m/8gt_k225255dxvm5hdptxr_c0000gq/T/chromatic--18536-XvuksUW2SIdV/[22m[2massets/[22m[36mchunk-HLWAVYOI-4Showdjo.js                 [39m[1m[2m    1.18 kB[22m[1m[22m[2m │ gzip:   0.64 kB[22m
[2m../../../../../var/folders/0m/8gt_k225255dxvm5hdptxr_c0000gq/T/chromatic--18536-XvuksUW2SIdV/[22m[2massets/[22m[36mHelperText-TJQj9VgG.js                     [39m[1m[2m    1.21 kB[22m[1m[22m[2m │ gzip:   0.68 kB[22m
[2m../../../../../var/folders/0m/8gt_k225255dxvm5hdptxr_c0000gq/T/chromatic--18536-XvuksUW2SIdV/[22m[2massets/[22m[36mfavicon.stories-CUy1ovfu.js                [39m[1m[2m    1.22 kB[22m[1m[22m[2m │ gzip:   0.62 kB[22m
[2m../../../../../var/folders/0m/8gt_k225255dxvm5hdptxr_c0000gq/T/chromatic--18536-XvuksUW2SIdV/[22m[2massets/[22m[36mexport.stories-CQpUcG75.js                 [39m[1m[2m    1.22 kB[22m[1m[22m[2m │ gzip:   0.62 kB[22m
[2m../../../../../var/folders/0m/8gt_k225255dxvm5hdptxr_c0000gq/T/chromatic--18536-XvuksUW2SIdV/[22m[2massets/[22m[36mstring.stories-CkLpJoro.js                 [39m[1m[2m    1.22 kB[22m[1m[22m[2m │ gzip:   0.62 kB[22m
[2m../../../../../var/folders/0m/8gt_k225255dxvm5hdptxr_c0000gq/T/chromatic--18536-XvuksUW2SIdV/[22m[2massets/[22m[36mFileUploadArea.stories-uPoCZEUS.js         [39m[1m[2m    1.23 kB[22m[1m[22m[2m │ gzip:   0.67 kB[22m
[2m../../../../../var/folders/0m/8gt_k225255dxvm5hdptxr_c0000gq/T/chromatic--18536-XvuksUW2SIdV/[22m[2massets/[22m[36mStatusChip.stories-C5lYaiPR.js             [39m[1m[2m    1.26 kB[22m[1m[22m[2m │ gzip:   0.69 kB[22m
[2m../../../../../var/folders/0m/8gt_k225255dxvm5hdptxr_c0000gq/T/chromatic--18536-XvuksUW2SIdV/[22m[2massets/[22m[36mentry-preview-BJypP-b1.js                  [39m[1m[2m    1.26 kB[22m[1m[22m[2m │ gzip:   0.73 kB[22m
[2m../../../../../var/folders/0m/8gt_k225255dxvm5hdptxr_c0000gq/T/chromatic--18536-XvuksUW2SIdV/[22m[2massets/[22m[36mLabel-DCcQdWtD.js                          [39m[1m[2m    1.31 kB[22m[1m[22m[2m │ gzip:   0.72 kB[22m
[2m../../../../../var/folders/0m/8gt_k225255dxvm5hdptxr_c0000gq/T/chromatic--18536-XvuksUW2SIdV/[22m[2massets/[22m[36mOptionalTooltip.stories-_eRlfUP8.js        [39m[1m[2m    1.33 kB[22m[1m[22m[2m │ gzip:   0.71 kB[22m
[2m../../../../../var/folders/0m/8gt_k225255dxvm5hdptxr_c0000gq/T/chromatic--18536-XvuksUW2SIdV/[22m[2massets/[22m[36mDivider-kIXIKexF.js                        [39m[1m[2m    1.36 kB[22m[1m[22m[2m │ gzip:   0.76 kB[22m
[2m../../../../../var/folders/0m/8gt_k225255dxvm5hdptxr_c0000gq/T/chromatic--18536-XvuksUW2SIdV/[22m[2massets/[22m[36mDotProgress-DA_yoaeF.js                    [39m[1m[2m    1.39 kB[22m[1m[22m[2m │ gzip:   0.81 kB[22m
[2m../../../../../var/folders/0m/8gt_k225255dxvm5hdptxr_c0000gq/T/chromatic--18536-XvuksUW2SIdV/[22m[2massets/[22m[36mFullPageSpinner.stories-CLxPiYp3.js        [39m[1m[2m    1.42 kB[22m[1m[22m[2m │ gzip:   0.84 kB[22m
[2m../../../../../var/folders/0m/8gt_k225255dxvm5hdptxr_c0000gq/T/chromatic--18536-XvuksUW2SIdV/[22m[2massets/[22m[36mSkeletonBase.stories-CxqXv1ei.js           [39m[1m[2m    1.45 kB[22m[1m[22m[2m │ gzip:   0.83 kB[22m
[2m../../../../../var/folders/0m/8gt_k225255dxvm5hdptxr_c0000gq/T/chromatic--18536-XvuksUW2SIdV/[22m[2massets/[22m[36mStatusChip-B2EkV7RD.js                     [39m[1m[2m    1.46 kB[22m[1m[22m[2m │ gzip:   0.67 kB[22m
[2m../../../../../var/folders/0m/8gt_k225255dxvm5hdptxr_c0000gq/T/chromatic--18536-XvuksUW2SIdV/[22m[2massets/[22m[36mpreview-BBr3pOOc.js                        [39m[1m[2m    1.51 kB[22m[1m[22m[2m │ gzip:   0.78 kB[22m
[2m../../../../../var/folders/0m/8gt_k225255dxvm5hdptxr_c0000gq/T/chromatic--18536-XvuksUW2SIdV/[22m[2massets/[22m[36mUnauthorized.stories-CxEVUBfs.js           [39m[1m[2m    1.53 kB[22m[1m[22m[2m │ gzip:   0.86 kB[22m
[2m../../../../../var/folders/0m/8gt_k225255dxvm5hdptxr_c0000gq/T/chromatic--18536-XvuksUW2SIdV/[22m[2massets/[22m[36mBadge-CoKhptm0.js                          [39m[1m[2m    1.65 kB[22m[1m[22m[2m │ gzip:   0.80 kB[22m
[2m../../../../../var/folders/0m/8gt_k225255dxvm5hdptxr_c0000gq/T/chromatic--18536-XvuksUW2SIdV/[22m[2massets/[22m[36mobjectWithoutProperties-C7PP9IHW.js        [39m[1m[2m    1.69 kB[22m[1m[22m[2m │ gzip:   0.73 kB[22m
[2m../../../../../var/folders/0m/8gt_k225255dxvm5hdptxr_c0000gq/T/chromatic--18536-XvuksUW2SIdV/[22m[2massets/[22m[36mCopyText-BrmVZ0vQ.js                       [39m[1m[2m    1.80 kB[22m[1m[22m[2m │ gzip:   0.95 kB[22m
[2m../../../../../var/folders/0m/8gt_k225255dxvm5hdptxr_c0000gq/T/chromatic--18536-XvuksUW2SIdV/[22m[2massets/[22m[36mcoordinate.stories-dLXeXGgi.js             [39m[1m[2m    1.82 kB[22m[1m[22m[2m │ gzip:   0.71 kB[22m
[2m../../../../../var/folders/0m/8gt_k225255dxvm5hdptxr_c0000gq/T/chromatic--18536-XvuksUW2SIdV/[22m[2massets/[22m[36msize.stories-UH2S3nf9.js                   [39m[1m[2m    1.83 kB[22m[1m[22m[2m │ gzip:   0.69 kB[22m
[2m../../../../../var/folders/0m/8gt_k225255dxvm5hdptxr_c0000gq/T/chromatic--18536-XvuksUW2SIdV/[22m[2massets/[22m[36mInfoElement.stories-CJe2NGFH.js            [39m[1m[2m    1.86 kB[22m[1m[22m[2m │ gzip:   0.85 kB[22m
[2m../../../../../var/folders/0m/8gt_k225255dxvm5hdptxr_c0000gq/T/chromatic--18536-XvuksUW2SIdV/[22m[2massets/[22m[36mchunk-MZXVCX43-D8ctdKGk.js                 [39m[1m[2m    1.92 kB[22m[1m[22m[2m │ gzip:   1.05 kB[22m
[2m../../../../../var/folders/0m/8gt_k225255dxvm5hdptxr_c0000gq/T/chromatic--18536-XvuksUW2SIdV/[22m[2massets/[22m[36mSearch-CKRfWBEK.js                         [39m[1m[2m    1.93 kB[22m[1m[22m[2m │ gzip:   0.98 kB[22m
[2m../../../../../var/folders/0m/8gt_k225255dxvm5hdptxr_c0000gq/T/chromatic--18536-XvuksUW2SIdV/[22m[2massets/[22m[36mAnimatedCheckmark.stories-qxpuWcUz.js      [39m[1m[2m    1.94 kB[22m[1m[22m[2m │ gzip:   1.07 kB[22m
[2m../../../../../var/folders/0m/8gt_k225255dxvm5hdptxr_c0000gq/T/chromatic--18536-XvuksUW2SIdV/[22m[2massets/[22m[36mChip-BoUmqN1Z.js                           [39m[1m[2m    1.95 kB[22m[1m[22m[2m │ gzip:   0.66 kB[22m
[2m../../../../../var/folders/0m/8gt_k225255dxvm5hdptxr_c0000gq/T/chromatic--18536-XvuksUW2SIdV/[22m[2massets/[22m[36msort.stories-DcGwYUoV.js                   [39m[1m[2m    1.97 kB[22m[1m[22m[2m │ gzip:   0.71 kB[22m
[2m../../../../../var/folders/0m/8gt_k225255dxvm5hdptxr_c0000gq/T/chromatic--18536-XvuksUW2SIdV/[22m[2massets/[22m[36mSettings-Deor-qMV.js                       [39m[1m[2m    2.03 kB[22m[1m[22m[2m │ gzip:   1.03 kB[22m
[2m../../../../../var/folders/0m/8gt_k225255dxvm5hdptxr_c0000gq/T/chromatic--18536-XvuksUW2SIdV/[22m[2massets/[22m[36mintro-DpCAUNO3.js                          [39m[1m[2m    2.03 kB[22m[1m[22m[2m │ gzip:   0.90 kB[22m
[2m../../../../../var/folders/0m/8gt_k225255dxvm5hdptxr_c0000gq/T/chromatic--18536-XvuksUW2SIdV/[22m[2massets/[22m[36mdate-Bz9aKCb_.js                           [39m[1m[2m    2.07 kB[22m[1m[22m[2m │ gzip:   0.69 kB[22m
[2m../../../../../var/folders/0m/8gt_k225255dxvm5hdptxr_c0000gq/T/chromatic--18536-XvuksUW2SIdV/[22m[2massets/[22m[36mindex-DoPRnwsR.js                          [39m[1m[2m    2.08 kB[22m[1m[22m[2m │ gzip:   1.10 kB[22m
[2m../../../../../var/folders/0m/8gt_k225255dxvm5hdptxr_c0000gq/T/chromatic--18536-XvuksUW2SIdV/[22m[2massets/[22m[36mFullPageStatus.stories-CqztVCkA.js         [39m[1m[2m    2.15 kB[22m[1m[22m[2m │ gzip:   1.11 kB[22m
[2m../../../../../var/folders/0m/8gt_k225255dxvm5hdptxr_c0000gq/T/chromatic--18536-XvuksUW2SIdV/[22m[2massets/[22m[36mIconToggleButton.stories-4CjrezSS.js       [39m[1m[2m    2.20 kB[22m[1m[22m[2m │ gzip:   1.01 kB[22m
[2m../../../../../var/folders/0m/8gt_k225255dxvm5hdptxr_c0000gq/T/chromatic--18536-XvuksUW2SIdV/[22m[2massets/[22m[36mSkeletonGradient.stories-C5LNKeJW.js       [39m[1m[2m    2.21 kB[22m[1m[22m[2m │ gzip:   1.10 kB[22m
[2m../../../../../var/folders/0m/8gt_k225255dxvm5hdptxr_c0000gq/T/chromatic--18536-XvuksUW2SIdV/[22m[2massets/[22m[36mAmplifyIcons.stories-DhQKE2Qy.js           [39m[1m[2m    2.22 kB[22m[1m[22m[2m │ gzip:   0.99 kB[22m
[2m../../../../../var/folders/0m/8gt_k225255dxvm5hdptxr_c0000gq/T/chromatic--18536-XvuksUW2SIdV/[22m[2massets/[22m[36mOptionDrawer.stories-BQQREdWn.js           [39m[1m[2m    2.23 kB[22m[1m[22m[2m │ gzip:   1.07 kB[22m
[2m../../../../../var/folders/0m/8gt_k225255dxvm5hdptxr_c0000gq/T/chromatic--18536-XvuksUW2SIdV/[22m[2massets/[22m[36mFullPageSpinner-CdzsZdWa.js                [39m[1m[2m    2.24 kB[22m[1m[22m[2m │ gzip:   1.16 kB[22m
[2m../../../../../var/folders/0m/8gt_k225255dxvm5hdptxr_c0000gq/T/chromatic--18536-XvuksUW2SIdV/[22m[2massets/[22m[36mApplicationDrawer.stories-DxQyta-Z.js      [39m[1m[2m    2.26 kB[22m[1m[22m[2m │ gzip:   1.11 kB[22m
[2m../../../../../var/folders/0m/8gt_k225255dxvm5hdptxr_c0000gq/T/chromatic--18536-XvuksUW2SIdV/[22m[2massets/[22m[36mGuidelines.stories-CaCwPDvh.js             [39m[1m[2m    2.31 kB[22m[1m[22m[2m │ gzip:   1.01 kB[22m
[2m../../../../../var/folders/0m/8gt_k225255dxvm5hdptxr_c0000gq/T/chromatic--18536-XvuksUW2SIdV/[22m[2massets/[22m[36mTableOfContentsProvider-c1chYNju.js        [39m[1m[2m    2.34 kB[22m[1m[22m[2m │ gzip:   1.23 kB[22m
[2m../../../../../var/folders/0m/8gt_k225255dxvm5hdptxr_c0000gq/T/chromatic--18536-XvuksUW2SIdV/[22m[2massets/[22m[36mFieldSelector.stories-McR0K74Z.js          [39m[1m[2m    2.38 kB[22m[1m[22m[2m │ gzip:   1.20 kB[22m
[2m../../../../../var/folders/0m/8gt_k225255dxvm5hdptxr_c0000gq/T/chromatic--18536-XvuksUW2SIdV/[22m[2massets/[22m[36mLinearProgress-Bv99luaz.js                 [39m[1m[2m    2.38 kB[22m[1m[22m[2m │ gzip:   1.12 kB[22m
[2m../../../../../var/folders/0m/8gt_k225255dxvm5hdptxr_c0000gq/T/chromatic--18536-XvuksUW2SIdV/[22m[2massets/[22m[36mTextField-D1KFnaVC.js                      [39m[1m[2m    2.52 kB[22m[1m[22m[2m │ gzip:   1.31 kB[22m
[2m../../../../../var/folders/0m/8gt_k225255dxvm5hdptxr_c0000gq/T/chromatic--18536-XvuksUW2SIdV/[22m[2massets/[22m[36mTypography-CoLw4tvO.js                     [39m[1m[2m    2.54 kB[22m[1m[22m[2m │ gzip:   1.26 kB[22m
[2m../../../../../var/folders/0m/8gt_k225255dxvm5hdptxr_c0000gq/T/chromatic--18536-XvuksUW2SIdV/[22m[2massets/[22m[36mBadge.stories-BKeWr8in.js                  [39m[1m[2m    2.54 kB[22m[1m[22m[2m │ gzip:   1.27 kB[22m
[2m../../../../../var/folders/0m/8gt_k225255dxvm5hdptxr_c0000gq/T/chromatic--18536-XvuksUW2SIdV/[22m[2massets/[22m[36mindex-Dkj0J1ds.js                          [39m[1m[2m    2.59 kB[22m[1m[22m[2m │ gzip:   1.26 kB[22m
[2m../../../../../var/folders/0m/8gt_k225255dxvm5hdptxr_c0000gq/T/chromatic--18536-XvuksUW2SIdV/[22m[2massets/[22m[36merrors.stories-CFLGuedV.js                 [39m[1m[2m    2.61 kB[22m[1m[22m[2m │ gzip:   0.82 kB[22m
[2m../../../../../var/folders/0m/8gt_k225255dxvm5hdptxr_c0000gq/T/chromatic--18536-XvuksUW2SIdV/[22m[2massets/[22m[36mProfileAvatar-CRugncrp.js                  [39m[1m[2m    2.62 kB[22m[1m[22m[2m │ gzip:   1.25 kB[22m
[2m../../../../../var/folders/0m/8gt_k225255dxvm5hdptxr_c0000gq/T/chromatic--18536-XvuksUW2SIdV/[22m[2massets/[22m[36mpreview-K4_qCkL4.js                        [39m[1m[2m    2.70 kB[22m[1m[22m[2m │ gzip:   1.37 kB[22m
[2m../../../../../var/folders/0m/8gt_k225255dxvm5hdptxr_c0000gq/T/chromatic--18536-XvuksUW2SIdV/[22m[2massets/[22m[36mAccount.stories-DAM0T1uM.js                [39m[1m[2m    2.72 kB[22m[1m[22m[2m │ gzip:   1.09 kB[22m
[2m../../../../../var/folders/0m/8gt_k225255dxvm5hdptxr_c0000gq/T/chromatic--18536-XvuksUW2SIdV/[22m[2massets/[22m[36mCircularProgress-BiDu-rha.js               [39m[1m[2m    2.76 kB[22m[1m[22m[2m │ gzip:   1.39 kB[22m
[2m../../../../../var/folders/0m/8gt_k225255dxvm5hdptxr_c0000gq/T/chromatic--18536-XvuksUW2SIdV/[22m[2massets/[22m[36mRichTextDisplay.stories-DKc_9vZm.js        [39m[1m[2m    2.77 kB[22m[1m[22m[2m │ gzip:   1.45 kB[22m
[2m../../../../../var/folders/0m/8gt_k225255dxvm5hdptxr_c0000gq/T/chromatic--18536-XvuksUW2SIdV/[22m[2massets/[22m[36mproviders.stories-DAkqciyT.js              [39m[1m[2m    2.78 kB[22m[1m[22m[2m │ gzip:   1.14 kB[22m
[2m../../../../../var/folders/0m/8gt_k225255dxvm5hdptxr_c0000gq/T/chromatic--18536-XvuksUW2SIdV/[22m[2massets/[22m[36mindex-D_TvsbGg.js                          [39m[1m[2m    2.92 kB[22m[1m[22m[2m │ gzip:   1.41 kB[22m
[2m../../../../../var/folders/0m/8gt_k225255dxvm5hdptxr_c0000gq/T/chromatic--18536-XvuksUW2SIdV/[22m[2massets/[22m[36mWorkflowDescription.stories-Bm9ZMFfg.js    [39m[1m[2m    2.96 kB[22m[1m[22m[2m │ gzip:   1.25 kB[22m
[2m../../../../../var/folders/0m/8gt_k225255dxvm5hdptxr_c0000gq/T/chromatic--18536-XvuksUW2SIdV/[22m[2massets/[22m[36mindex-aihAE5e2.js                          [39m[1m[2m    2.97 kB[22m[1m[22m[2m │ gzip:   1.17 kB[22m
[2m../../../../../var/folders/0m/8gt_k225255dxvm5hdptxr_c0000gq/T/chromatic--18536-XvuksUW2SIdV/[22m[2massets/[22m[36mhooks.stories-C-N9uGBB.js                  [39m[1m[2m    2.99 kB[22m[1m[22m[2m │ gzip:   1.34 kB[22m
[2m../../../../../var/folders/0m/8gt_k225255dxvm5hdptxr_c0000gq/T/chromatic--18536-XvuksUW2SIdV/[22m[2massets/[22m[36mEditableField.stories-Cbt4IBpv.js          [39m[1m[2m    3.04 kB[22m[1m[22m[2m │ gzip:   1.47 kB[22m
[2m../../../../../var/folders/0m/8gt_k225255dxvm5hdptxr_c0000gq/T/chromatic--18536-XvuksUW2SIdV/[22m[2massets/[22m[36mInputWrapper-Bs-6Gkl5.js                   [39m[1m[2m    3.05 kB[22m[1m[22m[2m │ gzip:   1.29 kB[22m
[2m../../../../../var/folders/0m/8gt_k225255dxvm5hdptxr_c0000gq/T/chromatic--18536-XvuksUW2SIdV/[22m[2massets/[22m[36mmap.stories-C3UNnGt9.js                    [39m[1m[2m    3.14 kB[22m[1m[22m[2m │ gzip:   0.92 kB[22m
[2m../../../../../var/folders/0m/8gt_k225255dxvm5hdptxr_c0000gq/T/chromatic--18536-XvuksUW2SIdV/[22m[2massets/[22m[36mpreview-CwqMn10d.js                        [39m[1m[2m    3.19 kB[22m[1m[22m[2m │ gzip:   1.37 kB[22m
[2m../../../../../var/folders/0m/8gt_k225255dxvm5hdptxr_c0000gq/T/chromatic--18536-XvuksUW2SIdV/[22m[2massets/[22m[36mSieve.stories-CPODAMMr.js                  [39m[1m[2m    3.21 kB[22m[1m[22m[2m │ gzip:   1.48 kB[22m
[2m../../../../../var/folders/0m/8gt_k225255dxvm5hdptxr_c0000gq/T/chromatic--18536-XvuksUW2SIdV/[22m[2massets/[22m[36mErrorPage.stories-C-96XiLF.js              [39m[1m[2m    3.30 kB[22m[1m[22m[2m │ gzip:   1.46 kB[22m
[2m../../../../../var/folders/0m/8gt_k225255dxvm5hdptxr_c0000gq/T/chromatic--18536-XvuksUW2SIdV/[22m[2massets/[22m[36mNewCommentField.stories-DQXiwXub.js        [39m[1m[2m    3.41 kB[22m[1m[22m[2m │ gzip:   1.61 kB[22m
[2m../../../../../var/folders/0m/8gt_k225255dxvm5hdptxr_c0000gq/T/chromatic--18536-XvuksUW2SIdV/[22m[2massets/[22m[36mAccount-B_E6f7kW.js                        [39m[1m[2m    3.44 kB[22m[1m[22m[2m │ gzip:   1.37 kB[22m
[2m../../../../../var/folders/0m/8gt_k225255dxvm5hdptxr_c0000gq/T/chromatic--18536-XvuksUW2SIdV/[22m[2massets/[22m[36mExpandingIconButton.stories-DkYrJZwI.js    [39m[1m[2m    3.57 kB[22m[1m[22m[2m │ gzip:   1.41 kB[22m
[2m../../../../../var/folders/0m/8gt_k225255dxvm5hdptxr_c0000gq/T/chromatic--18536-XvuksUW2SIdV/[22m[2massets/[22m[36mTransferToAppDialog-Db_6n3mX.js            [39m[1m[2m    3.63 kB[22m[1m[22m[2m │ gzip:   1.66 kB[22m
[2m../../../../../var/folders/0m/8gt_k225255dxvm5hdptxr_c0000gq/T/chromatic--18536-XvuksUW2SIdV/[22m[2massets/[22m[36meds.context-DTXVfEib.js                    [39m[1m[2m    3.67 kB[22m[1m[22m[2m │ gzip:   1.10 kB[22m
[2m../../../../../var/folders/0m/8gt_k225255dxvm5hdptxr_c0000gq/T/chromatic--18536-XvuksUW2SIdV/[22m[2massets/[22m[36mTooltip-lciMUTn-.js                        [39m[1m[2m    3.68 kB[22m[1m[22m[2m │ gzip:   1.84 kB[22m
[2m../../../../../var/folders/0m/8gt_k225255dxvm5hdptxr_c0000gq/T/chromatic--18536-XvuksUW2SIdV/[22m[2massets/[22m[36mSideBar.stories-yYmQzqUB.js                [39m[1m[2m    3.77 kB[22m[1m[22m[2m │ gzip:   1.61 kB[22m
[2m../../../../../var/folders/0m/8gt_k225255dxvm5hdptxr_c0000gq/T/chromatic--18536-XvuksUW2SIdV/[22m[2massets/[22m[36mSettings.stories-zRR-GTHB.js               [39m[1m[2m    3.79 kB[22m[1m[22m[2m │ gzip:   1.44 kB[22m
[2m../../../../../var/folders/0m/8gt_k225255dxvm5hdptxr_c0000gq/T/chromatic--18536-XvuksUW2SIdV/[22m[2massets/[22m[36mConfirmationPopup.stories-CPcUZqLt.js      [39m[1m[2m    3.82 kB[22m[1m[22m[2m │ gzip:   1.74 kB[22m
[2m../../../../../var/folders/0m/8gt_k225255dxvm5hdptxr_c0000gq/T/chromatic--18536-XvuksUW2SIdV/[22m[2massets/[22m[36mSingleFilterMenu.stories-5qdItVIc.js       [39m[1m[2m    3.84 kB[22m[1m[22m[2m │ gzip:   1.77 kB[22m
[2m../../../../../var/folders/0m/8gt_k225255dxvm5hdptxr_c0000gq/T/chromatic--18536-XvuksUW2SIdV/[22m[2massets/[22m[36mCommentField.stories-DLmmdh_t.js           [39m[1m[2m    3.93 kB[22m[1m[22m[2m │ gzip:   1.75 kB[22m
[2m../../../../../var/folders/0m/8gt_k225255dxvm5hdptxr_c0000gq/T/chromatic--18536-XvuksUW2SIdV/[22m[2massets/[22m[36mindex-XNqQFw1W.js                          [39m[1m[2m    4.03 kB[22m[1m[22m[2m │ gzip:   1.88 kB[22m
[2m../../../../../var/folders/0m/8gt_k225255dxvm5hdptxr_c0000gq/T/chromatic--18536-XvuksUW2SIdV/[22m[2massets/[22m[36mmutation-Bg5Oi5uU.js                       [39m[1m[2m    4.15 kB[22m[1m[22m[2m │ gzip:   1.48 kB[22m
[2m../../../../../var/folders/0m/8gt_k225255dxvm5hdptxr_c0000gq/T/chromatic--18536-XvuksUW2SIdV/[22m[2massets/[22m[36mRadio-BtyqglLG.js                          [39m[1m[2m    4.23 kB[22m[1m[22m[2m │ gzip:   1.75 kB[22m
[2m../../../../../var/folders/0m/8gt_k225255dxvm5hdptxr_c0000gq/T/chromatic--18536-XvuksUW2SIdV/[22m[2massets/[22m[36menvironment.stories-DyspdY_g.js            [39m[1m[2m    4.28 kB[22m[1m[22m[2m │ gzip:   1.08 kB[22m
[2m../../../../../var/folders/0m/8gt_k225255dxvm5hdptxr_c0000gq/T/chromatic--18536-XvuksUW2SIdV/[22m[2massets/[22m[36mindex-DQHeCLe4.js                          [39m[1m[2m    4.32 kB[22m[1m[22m[2m │ gzip:   1.60 kB[22m
[2m../../../../../var/folders/0m/8gt_k225255dxvm5hdptxr_c0000gq/T/chromatic--18536-XvuksUW2SIdV/[22m[2massets/[22m[36mLabel.stories-DMzkzhdS.js                  [39m[1m[2m    4.39 kB[22m[1m[22m[2m │ gzip:   1.75 kB[22m
[2m../../../../../var/folders/0m/8gt_k225255dxvm5hdptxr_c0000gq/T/chromatic--18536-XvuksUW2SIdV/[22m[2massets/[22m[36mContentMenu.stories-DN-ihtbJ.js            [39m[1m[2m    4.41 kB[22m[1m[22m[2m │ gzip:   1.72 kB[22m
[2m../../../../../var/folders/0m/8gt_k225255dxvm5hdptxr_c0000gq/T/chromatic--18536-XvuksUW2SIdV/[22m[2massets/[22m[36mApplicationDrawer-DiblweXm.js              [39m[1m[2m    4.45 kB[22m[1m[22m[2m │ gzip:   1.74 kB[22m
[2m../../../../../var/folders/0m/8gt_k225255dxvm5hdptxr_c0000gq/T/chromatic--18536-XvuksUW2SIdV/[22m[2massets/[22m[36mDataCard.stories-COjMQwNb.js               [39m[1m[2m    4.49 kB[22m[1m[22m[2m │ gzip:   1.93 kB[22m
[2m../../../../../var/folders/0m/8gt_k225255dxvm5hdptxr_c0000gq/T/chromatic--18536-XvuksUW2SIdV/[22m[2massets/[22m[36mdata-CIjHg3vM.js                           [39m[1m[2m    4.55 kB[22m[1m[22m[2m │ gzip:   1.38 kB[22m
[2m../../../../../var/folders/0m/8gt_k225255dxvm5hdptxr_c0000gq/T/chromatic--18536-XvuksUW2SIdV/[22m[2massets/[22m[36mCheckbox-CSl9tM3-.js                       [39m[1m[2m    4.59 kB[22m[1m[22m[2m │ gzip:   1.87 kB[22m
[2m../../../../../var/folders/0m/8gt_k225255dxvm5hdptxr_c0000gq/T/chromatic--18536-XvuksUW2SIdV/[22m[2massets/[22m[36mFieldSelector-o-Pr1zE1.js                  [39m[1m[2m    4.62 kB[22m[1m[22m[2m │ gzip:   1.87 kB[22m
[2m../../../../../var/folders/0m/8gt_k225255dxvm5hdptxr_c0000gq/T/chromatic--18536-XvuksUW2SIdV/[22m[2massets/[22m[36mChip-CcbM92we.js                           [39m[1m[2m    4.65 kB[22m[1m[22m[2m │ gzip:   1.82 kB[22m
[2m../../../../../var/folders/0m/8gt_k225255dxvm5hdptxr_c0000gq/T/chromatic--18536-XvuksUW2SIdV/[22m[2massets/[22m[36mdate.stories-CH7K1mzP.js                   [39m[1m[2m    4.90 kB[22m[1m[22m[2m │ gzip:   1.17 kB[22m
[2m../../../../../var/folders/0m/8gt_k225255dxvm5hdptxr_c0000gq/T/chromatic--18536-XvuksUW2SIdV/[22m[2massets/[22m[36mTopBar.styles-C8JjpaaD.js                  [39m[1m[2m    4.96 kB[22m[1m[22m[2m │ gzip:   2.02 kB[22m
[2m../../../../../var/folders/0m/8gt_k225255dxvm5hdptxr_c0000gq/T/chromatic--18536-XvuksUW2SIdV/[22m[2massets/[22m[36mNotifications.stories-BtYhBX50.js          [39m[1m[2m    5.05 kB[22m[1m[22m[2m │ gzip:   2.02 kB[22m
[2m../../../../../var/folders/0m/8gt_k225255dxvm5hdptxr_c0000gq/T/chromatic--18536-XvuksUW2SIdV/[22m[2massets/[22m[36mauth.stories-BpNvGwE7.js                   [39m[1m[2m    5.11 kB[22m[1m[22m[2m │ gzip:   1.34 kB[22m
[2m../../../../../var/folders/0m/8gt_k225255dxvm5hdptxr_c0000gq/T/chromatic--18536-XvuksUW2SIdV/[22m[2massets/[22m[36mResources.stories-D0ey-e3m.js              [39m[1m[2m    5.12 kB[22m[1m[22m[2m │ gzip:   2.06 kB[22m
[2m../../../../../var/folders/0m/8gt_k225255dxvm5hdptxr_c0000gq/T/chromatic--18536-XvuksUW2SIdV/[22m[2massets/[22m[36mSingleSelectDrawer.stories-BKIMyUXs.js     [39m[1m[2m    5.23 kB[22m[1m[22m[2m │ gzip:   2.17 kB[22m
[2m../../../../../var/folders/0m/8gt_k225255dxvm5hdptxr_c0000gq/T/chromatic--18536-XvuksUW2SIdV/[22m[2massets/[22m[36mStepper.stories-CiildaLw.js                [39m[1m[2m    5.28 kB[22m[1m[22m[2m │ gzip:   2.05 kB[22m
[2m../../../../../var/folders/0m/8gt_k225255dxvm5hdptxr_c0000gq/T/chromatic--18536-XvuksUW2SIdV/[22m[2massets/[22m[36mdata-Bk5eKQv1.js                           [39m[1m[2m    5.56 kB[22m[1m[22m[2m │ gzip:   2.13 kB[22m
[2m../../../../../var/folders/0m/8gt_k225255dxvm5hdptxr_c0000gq/T/chromatic--18536-XvuksUW2SIdV/[22m[2massets/[22m[36mWorkflowStatusBar.stories-97DFWpiH.js      [39m[1m[2m    5.59 kB[22m[1m[22m[2m │ gzip:   1.92 kB[22m
[2m../../../../../var/folders/0m/8gt_k225255dxvm5hdptxr_c0000gq/T/chromatic--18536-XvuksUW2SIdV/[22m[2massets/[22m[36mTutorialProvider.stories-G3CG4Slg.js       [39m[1m[2m    5.70 kB[22m[1m[22m[2m │ gzip:   2.23 kB[22m
[2m../../../../../var/folders/0m/8gt_k225255dxvm5hdptxr_c0000gq/T/chromatic--18536-XvuksUW2SIdV/[22m[2massets/[22m[36mHeaderDrawer.stories-BvE4ukSz.js           [39m[1m[2m    5.85 kB[22m[1m[22m[2m │ gzip:   2.60 kB[22m
[2m../../../../../var/folders/0m/8gt_k225255dxvm5hdptxr_c0000gq/T/chromatic--18536-XvuksUW2SIdV/[22m[2massets/[22m[36mMultiSelectDrawer.stories-DrkSPH3J.js      [39m[1m[2m    5.93 kB[22m[1m[22m[2m │ gzip:   2.37 kB[22m
[2m../../../../../var/folders/0m/8gt_k225255dxvm5hdptxr_c0000gq/T/chromatic--18536-XvuksUW2SIdV/[22m[2massets/[22m[36mInput-Da7cYrYf.js                          [39m[1m[2m    5.97 kB[22m[1m[22m[2m │ gzip:   2.20 kB[22m
[2m../../../../../var/folders/0m/8gt_k225255dxvm5hdptxr_c0000gq/T/chromatic--18536-XvuksUW2SIdV/[22m[2massets/[22m[36mindex-BMlHeKOJ.js                          [39m[1m[2m    6.27 kB[22m[1m[22m[2m │ gzip:   2.45 kB[22m
[2m../../../../../var/folders/0m/8gt_k225255dxvm5hdptxr_c0000gq/T/chromatic--18536-XvuksUW2SIdV/[22m[2massets/[22m[36mindex-C-XH1VXy.js                          [39m[1m[2m    6.39 kB[22m[1m[22m[2m │ gzip:   2.28 kB[22m
[2m../../../../../var/folders/0m/8gt_k225255dxvm5hdptxr_c0000gq/T/chromatic--18536-XvuksUW2SIdV/[22m[2massets/[22m[36mindex-CJP6byW2.js                          [39m[1m[2m    6.81 kB[22m[1m[22m[2m │ gzip:   2.75 kB[22m
[2m../../../../../var/folders/0m/8gt_k225255dxvm5hdptxr_c0000gq/T/chromatic--18536-XvuksUW2SIdV/[22m[2massets/[22m[36merrors-B8M5FXw5.js                         [39m[1m[2m    6.90 kB[22m[1m[22m[2m │ gzip:   2.32 kB[22m
[2m../../../../../var/folders/0m/8gt_k225255dxvm5hdptxr_c0000gq/T/chromatic--18536-XvuksUW2SIdV/[22m[2massets/[22m[36mindex-DXKtszHK.js                          [39m[1m[2m    6.96 kB[22m[1m[22m[2m │ gzip:   2.20 kB[22m
[2m../../../../../var/folders/0m/8gt_k225255dxvm5hdptxr_c0000gq/T/chromatic--18536-XvuksUW2SIdV/[22m[2massets/[22m[36mSearch.stories-C2LL5SZ1.js                 [39m[1m[2m    7.10 kB[22m[1m[22m[2m │ gzip:   2.63 kB[22m
[2m../../../../../var/folders/0m/8gt_k225255dxvm5hdptxr_c0000gq/T/chromatic--18536-XvuksUW2SIdV/[22m[2massets/[22m[36mFeedBackIcon-hYjmrKmC.js                   [39m[1m[2m    7.21 kB[22m[1m[22m[2m │ gzip:   1.38 kB[22m
[2m../../../../../var/folders/0m/8gt_k225255dxvm5hdptxr_c0000gq/T/chromatic--18536-XvuksUW2SIdV/[22m[2massets/[22m[36mTopBar.stories-CTxxpRRe.js                 [39m[1m[2m    7.59 kB[22m[1m[22m[2m │ gzip:   2.81 kB[22m
[2m../../../../../var/folders/0m/8gt_k225255dxvm5hdptxr_c0000gq/T/chromatic--18536-XvuksUW2SIdV/[22m[2massets/[22m[36mpreview-BAz7FMXc.js                        [39m[1m[2m    7.62 kB[22m[1m[22m[2m │ gzip:   1.56 kB[22m
[2m../../../../../var/folders/0m/8gt_k225255dxvm5hdptxr_c0000gq/T/chromatic--18536-XvuksUW2SIdV/[22m[2massets/[22m[36mindex-Dl6G-zuu.js                          [39m[1m[2m    7.80 kB[22m[1m[22m[2m │ gzip:   3.07 kB[22m
[2m../../../../../var/folders/0m/8gt_k225255dxvm5hdptxr_c0000gq/T/chromatic--18536-XvuksUW2SIdV/[22m[2massets/[22m[36mEquinorLogo-D5zdKjBl.js                    [39m[1m[2m    7.96 kB[22m[1m[22m[2m │ gzip:   3.31 kB[22m
[2m../../../../../var/folders/0m/8gt_k225255dxvm5hdptxr_c0000gq/T/chromatic--18536-XvuksUW2SIdV/[22m[2massets/[22m[36mTableOfContents-Chhgpw_B.js                [39m[1m[2m    8.08 kB[22m[1m[22m[2m │ gzip:   2.31 kB[22m
[2m../../../../../var/folders/0m/8gt_k225255dxvm5hdptxr_c0000gq/T/chromatic--18536-XvuksUW2SIdV/[22m[2massets/[22m[36mpreview-Db4Idchh.js                        [39m[1m[2m    8.11 kB[22m[1m[22m[2m │ gzip:   3.09 kB[22m
[2m../../../../../var/folders/0m/8gt_k225255dxvm5hdptxr_c0000gq/T/chromatic--18536-XvuksUW2SIdV/[22m[2massets/[22m[36mDots.stories-BBihYlI_.js                   [39m[1m[2m    8.21 kB[22m[1m[22m[2m │ gzip:   2.78 kB[22m
[2m../../../../../var/folders/0m/8gt_k225255dxvm5hdptxr_c0000gq/T/chromatic--18536-XvuksUW2SIdV/[22m[2massets/[22m[36mCheckbox.stories-1lYDM-Ru.js               [39m[1m[2m    8.60 kB[22m[1m[22m[2m │ gzip:   2.92 kB[22m
[2m../../../../../var/folders/0m/8gt_k225255dxvm5hdptxr_c0000gq/T/chromatic--18536-XvuksUW2SIdV/[22m[2massets/[22m[36mindex-DeNjSXxv.js                          [39m[1m[2m    8.70 kB[22m[1m[22m[2m │ gzip:   3.68 kB[22m
[2m../../../../../var/folders/0m/8gt_k225255dxvm5hdptxr_c0000gq/T/chromatic--18536-XvuksUW2SIdV/[22m[2massets/[22m[36mLinear.stories-BJv_FzfW.js                 [39m[1m[2m    8.74 kB[22m[1m[22m[2m │ gzip:   3.07 kB[22m
[2m../../../../../var/folders/0m/8gt_k225255dxvm5hdptxr_c0000gq/T/chromatic--18536-XvuksUW2SIdV/[22m[2massets/[22m[36mqueryClient-D6sCgM1G.js                    [39m[1m[2m    8.77 kB[22m[1m[22m[2m │ gzip:   3.00 kB[22m
[2m../../../../../var/folders/0m/8gt_k225255dxvm5hdptxr_c0000gq/T/chromatic--18536-XvuksUW2SIdV/[22m[2massets/[22m[36mSieve-DwLYb3Wi.js                          [39m[1m[2m    8.96 kB[22m[1m[22m[2m │ gzip:   2.90 kB[22m
[2m../../../../../var/folders/0m/8gt_k225255dxvm5hdptxr_c0000gq/T/chromatic--18536-XvuksUW2SIdV/[22m[2massets/[22m[36mTutorial.stories-DslvOFMF.js               [39m[1m[2m    9.27 kB[22m[1m[22m[2m │ gzip:   3.34 kB[22m
[2m../../../../../var/folders/0m/8gt_k225255dxvm5hdptxr_c0000gq/T/chromatic--18536-XvuksUW2SIdV/[22m[2massets/[22m[36mProfileAvatar.stories-Cf-cUTHS.js          [39m[1m[2m    9.63 kB[22m[1m[22m[2m │ gzip:   4.78 kB[22m
[2m../../../../../var/folders/0m/8gt_k225255dxvm5hdptxr_c0000gq/T/chromatic--18536-XvuksUW2SIdV/[22m[2massets/[22m[36mLinks-CSnRe6nx.js                          [39m[1m[2m   10.20 kB[22m[1m[22m[2m │ gzip:   4.01 kB[22m
[2m../../../../../var/folders/0m/8gt_k225255dxvm5hdptxr_c0000gq/T/chromatic--18536-XvuksUW2SIdV/[22m[2massets/[22m[36mFileProgress.stories-DgTEsE_w.js           [39m[1m[2m   10.26 kB[22m[1m[22m[2m │ gzip:   3.28 kB[22m
[2m../../../../../var/folders/0m/8gt_k225255dxvm5hdptxr_c0000gq/T/chromatic--18536-XvuksUW2SIdV/[22m[2massets/[22m[36mTemplate-CFUKzbvM.js                       [39m[1m[2m   10.27 kB[22m[1m[22m[2m │ gzip:   2.48 kB[22m
[2m../../../../../var/folders/0m/8gt_k225255dxvm5hdptxr_c0000gq/T/chromatic--18536-XvuksUW2SIdV/[22m[2massets/[22m[36mPageNotFound.stories-jCaFfuUR.js           [39m[1m[2m   10.64 kB[22m[1m[22m[2m │ gzip:   4.39 kB[22m
[2m../../../../../var/folders/0m/8gt_k225255dxvm5hdptxr_c0000gq/T/chromatic--18536-XvuksUW2SIdV/[22m[2massets/[22m[36mRadio.stories-DWT11BzF.js                  [39m[1m[2m   10.93 kB[22m[1m[22m[2m │ gzip:   3.48 kB[22m
[2m../../../../../var/folders/0m/8gt_k225255dxvm5hdptxr_c0000gq/T/chromatic--18536-XvuksUW2SIdV/[22m[2massets/[22m[36mChip.stories-CebK5V3M.js                   [39m[1m[2m   11.29 kB[22m[1m[22m[2m │ gzip:   2.50 kB[22m
[2m../../../../../var/folders/0m/8gt_k225255dxvm5hdptxr_c0000gq/T/chromatic--18536-XvuksUW2SIdV/[22m[2massets/[22m[36mCircular.stories-o9-9rNjb.js               [39m[1m[2m   11.93 kB[22m[1m[22m[2m │ gzip:   3.70 kB[22m
[2m../../../../../var/folders/0m/8gt_k225255dxvm5hdptxr_c0000gq/T/chromatic--18536-XvuksUW2SIdV/[22m[2massets/[22m[36mindex-Clo2Ad7y.js                          [39m[1m[2m   12.37 kB[22m[1m[22m[2m │ gzip:   3.91 kB[22m
[2m../../../../../var/folders/0m/8gt_k225255dxvm5hdptxr_c0000gq/T/chromatic--18536-XvuksUW2SIdV/[22m[2massets/[22m[36mTutorialProvider-DHh9qdmm.js               [39m[1m[2m   12.42 kB[22m[1m[22m[2m │ gzip:   4.48 kB[22m
[2m../../../../../var/folders/0m/8gt_k225255dxvm5hdptxr_c0000gq/T/chromatic--18536-XvuksUW2SIdV/[22m[2massets/[22m[36mDivider.stories-D_TBRugr.js                [39m[1m[2m   12.75 kB[22m[1m[22m[2m │ gzip:   3.25 kB[22m
[2m../../../../../var/folders/0m/8gt_k225255dxvm5hdptxr_c0000gq/T/chromatic--18536-XvuksUW2SIdV/[22m[2massets/[22m[36mSwitch.stories-CpO_Lz75.js                 [39m[1m[2m   14.59 kB[22m[1m[22m[2m │ gzip:   4.51 kB[22m
[2m../../../../../var/folders/0m/8gt_k225255dxvm5hdptxr_c0000gq/T/chromatic--18536-XvuksUW2SIdV/[22m[2massets/[22m[36mTableOfContents.stories-CRC6fVij.js        [39m[1m[2m   15.10 kB[22m[1m[22m[2m │ gzip:   2.54 kB[22m
[2m../../../../../var/folders/0m/8gt_k225255dxvm5hdptxr_c0000gq/T/chromatic--18536-XvuksUW2SIdV/[22m[2massets/[22m[36mBreadcrumbs.stories-DpzaY_JN.js            [39m[1m[2m   17.16 kB[22m[1m[22m[2m │ gzip:   4.56 kB[22m
[2m../../../../../var/folders/0m/8gt_k225255dxvm5hdptxr_c0000gq/T/chromatic--18536-XvuksUW2SIdV/[22m[2massets/[22m[36mTypography.stories-Db6GhP5i.js             [39m[1m[2m   17.43 kB[22m[1m[22m[2m │ gzip:   4.66 kB[22m
[2m../../../../../var/folders/0m/8gt_k225255dxvm5hdptxr_c0000gq/T/chromatic--18536-XvuksUW2SIdV/[22m[2massets/[22m[36mDialog.stories-Bex-ZJd2.js                 [39m[1m[2m   19.10 kB[22m[1m[22m[2m │ gzip:   4.31 kB[22m
[2m../../../../../var/folders/0m/8gt_k225255dxvm5hdptxr_c0000gq/T/chromatic--18536-XvuksUW2SIdV/[22m[2massets/[22m[36mindex-CwnSmMXn.js                          [39m[1m[2m   22.20 kB[22m[1m[22m[2m │ gzip:   6.35 kB[22m
[2m../../../../../var/folders/0m/8gt_k225255dxvm5hdptxr_c0000gq/T/chromatic--18536-XvuksUW2SIdV/[22m[2massets/[22m[36mMenu.stories-Mnf41ny8.js                   [39m[1m[2m   22.48 kB[22m[1m[22m[2m │ gzip:   4.63 kB[22m
[2m../../../../../var/folders/0m/8gt_k225255dxvm5hdptxr_c0000gq/T/chromatic--18536-XvuksUW2SIdV/[22m[2massets/[22m[36mindex-D7sGsAT_.js                          [39m[1m[2m   22.49 kB[22m[1m[22m[2m │ gzip:   3.49 kB[22m
[2m../../../../../var/folders/0m/8gt_k225255dxvm5hdptxr_c0000gq/T/chromatic--18536-XvuksUW2SIdV/[22m[2massets/[22m[36mApplicationIcon-CG-CvWmb.js                [39m[1m[2m   22.51 kB[22m[1m[22m[2m │ gzip:   7.21 kB[22m
[2m../../../../../var/folders/0m/8gt_k225255dxvm5hdptxr_c0000gq/T/chromatic--18536-XvuksUW2SIdV/[22m[2massets/[22m[36mButton.stories-Uii1NN1y.js                 [39m[1m[2m   23.19 kB[22m[1m[22m[2m │ gzip:   5.37 kB[22m
[2m../../../../../var/folders/0m/8gt_k225255dxvm5hdptxr_c0000gq/T/chromatic--18536-XvuksUW2SIdV/[22m[2massets/[22m[36mPopover.stories-CZY7wv9N.js                [39m[1m[2m   23.28 kB[22m[1m[22m[2m │ gzip:   5.20 kB[22m
[2m../../../../../var/folders/0m/8gt_k225255dxvm5hdptxr_c0000gq/T/chromatic--18536-XvuksUW2SIdV/[22m[2massets/[22m[36mComboBox.stories-D6TQGfpO.js               [39m[1m[2m   23.35 kB[22m[1m[22m[2m │ gzip:   6.47 kB[22m
[2m../../../../../var/folders/0m/8gt_k225255dxvm5hdptxr_c0000gq/T/chromatic--18536-XvuksUW2SIdV/[22m[2massets/[22m[36mFileUploadArea-SFyZHTY3.js                 [39m[1m[2m   24.64 kB[22m[1m[22m[2m │ gzip:   8.32 kB[22m
[2m../../../../../var/folders/0m/8gt_k225255dxvm5hdptxr_c0000gq/T/chromatic--18536-XvuksUW2SIdV/[22m[2massets/[22m[36mRichTextEditor.stories-y8h0C_5f.js         [39m[1m[2m   25.44 kB[22m[1m[22m[2m │ gzip:   7.55 kB[22m
[2m../../../../../var/folders/0m/8gt_k225255dxvm5hdptxr_c0000gq/T/chromatic--18536-XvuksUW2SIdV/[22m[2massets/[22m[36mCard.stories-DJ-tNeUn.js                   [39m[1m[2m   25.60 kB[22m[1m[22m[2m │ gzip:   4.68 kB[22m
[2m../../../../../var/folders/0m/8gt_k225255dxvm5hdptxr_c0000gq/T/chromatic--18536-XvuksUW2SIdV/[22m[2massets/[22m[36mstyled-components.browser.esm-BZ60ehEm.js  [39m[1m[2m   27.37 kB[22m[1m[22m[2m │ gzip:  10.55 kB[22m
[2m../../../../../var/folders/0m/8gt_k225255dxvm5hdptxr_c0000gq/T/chromatic--18536-XvuksUW2SIdV/[22m[2massets/[22m[36mTextField.stories-NQiW8_LP.js              [39m[1m[2m   27.82 kB[22m[1m[22m[2m │ gzip:   6.43 kB[22m
[2m../../../../../var/folders/0m/8gt_k225255dxvm5hdptxr_c0000gq/T/chromatic--18536-XvuksUW2SIdV/[22m[2massets/[22m[36mIcon.stories-DbAak8NT.js                   [39m[1m[2m   29.00 kB[22m[1m[22m[2m │ gzip:  11.31 kB[22m
[2m../../../../../var/folders/0m/8gt_k225255dxvm5hdptxr_c0000gq/T/chromatic--18536-XvuksUW2SIdV/[22m[2massets/[22m[36miframe-DgZTlB0Y.js                         [39m[1m[2m   29.84 kB[22m[1m[22m[2m │ gzip:   7.27 kB[22m
[2m../../../../../var/folders/0m/8gt_k225255dxvm5hdptxr_c0000gq/T/chromatic--18536-XvuksUW2SIdV/[22m[2massets/[22m[36mAmplifyIcons-C7LiYCYU.js                   [39m[1m[2m   30.08 kB[22m[1m[22m[2m │ gzip:  10.61 kB[22m
[2m../../../../../var/folders/0m/8gt_k225255dxvm5hdptxr_c0000gq/T/chromatic--18536-XvuksUW2SIdV/[22m[2massets/[22m[36mindex-CfATxMKQ.js                          [39m[1m[2m   30.17 kB[22m[1m[22m[2m │ gzip:   5.65 kB[22m
[2m../../../../../var/folders/0m/8gt_k225255dxvm5hdptxr_c0000gq/T/chromatic--18536-XvuksUW2SIdV/[22m[2massets/[22m[36mOpenAPI-BM53gn-A.js                        [39m[1m[2m   30.44 kB[22m[1m[22m[2m │ gzip:  10.35 kB[22m
[2m../../../../../var/folders/0m/8gt_k225255dxvm5hdptxr_c0000gq/T/chromatic--18536-XvuksUW2SIdV/[22m[2massets/[22m[36mColor-RQJUDNI5-C8n_u2I0.js                 [39m[1m[2m   30.95 kB[22m[1m[22m[2m │ gzip:  11.69 kB[22m
[2m../../../../../var/folders/0m/8gt_k225255dxvm5hdptxr_c0000gq/T/chromatic--18536-XvuksUW2SIdV/[22m[2massets/[22m[36mTabs.stories-Bc1W596t.js                   [39m[1m[2m   34.52 kB[22m[1m[22m[2m │ gzip:  10.05 kB[22m
[2m../../../../../var/folders/0m/8gt_k225255dxvm5hdptxr_c0000gq/T/chromatic--18536-XvuksUW2SIdV/[22m[2massets/[22m[36mfloating-ui.react-3lwBZ_xT.js              [39m[1m[2m   50.95 kB[22m[1m[22m[2m │ gzip:  18.43 kB[22m
[2m../../../../../var/folders/0m/8gt_k225255dxvm5hdptxr_c0000gq/T/chromatic--18536-XvuksUW2SIdV/[22m[2massets/[22m[36mindex-ppL-4r_q.js                          [39m[1m[2m   51.70 kB[22m[1m[22m[2m │ gzip:  17.97 kB[22m
[2m../../../../../var/folders/0m/8gt_k225255dxvm5hdptxr_c0000gq/T/chromatic--18536-XvuksUW2SIdV/[22m[2massets/[22m[36mdata-DOpZwe70.js                           [39m[1m[2m   54.28 kB[22m[1m[22m[2m │ gzip:  40.35 kB[22m
[2m../../../../../var/folders/0m/8gt_k225255dxvm5hdptxr_c0000gq/T/chromatic--18536-XvuksUW2SIdV/[22m[2massets/[22m[36mAutocomplete-DkW7jF2Q.js                   [39m[1m[2m   56.40 kB[22m[1m[22m[2m │ gzip:  18.50 kB[22m
[2m../../../../../var/folders/0m/8gt_k225255dxvm5hdptxr_c0000gq/T/chromatic--18536-XvuksUW2SIdV/[22m[2massets/[22m[36mlodash-BR7ZO34U.js                         [39m[1m[2m   71.81 kB[22m[1m[22m[2m │ gzip:  26.65 kB[22m
[2m../../../../../var/folders/0m/8gt_k225255dxvm5hdptxr_c0000gq/T/chromatic--18536-XvuksUW2SIdV/[22m[2massets/[22m[36mindex-BQAhN-J1.js                          [39m[1m[2m   78.76 kB[22m[1m[22m[2m │ gzip:  23.61 kB[22m
[2m../../../../../var/folders/0m/8gt_k225255dxvm5hdptxr_c0000gq/T/chromatic--18536-XvuksUW2SIdV/[22m[2massets/[22m[36mTable.stories-BtD7CIL-.js                  [39m[1m[2m   90.51 kB[22m[1m[22m[2m │ gzip:  26.29 kB[22m
[2m../../../../../var/folders/0m/8gt_k225255dxvm5hdptxr_c0000gq/T/chromatic--18536-XvuksUW2SIdV/[22m[2massets/[22m[36mmotion-WxMosFeg.js                         [39m[1m[2m  105.52 kB[22m[1m[22m[2m │ gzip:  34.60 kB[22m
[2m../../../../../var/folders/0m/8gt_k225255dxvm5hdptxr_c0000gq/T/chromatic--18536-XvuksUW2SIdV/[22m[2massets/[22m[36mindex-Dpv8hMKE.js                          [39m[1m[2m  134.40 kB[22m[1m[22m[2m │ gzip:  43.35 kB[22m
[2m../../../../../var/folders/0m/8gt_k225255dxvm5hdptxr_c0000gq/T/chromatic--18536-XvuksUW2SIdV/[22m[2massets/[22m[36mSelectField.stories-D_9bvQdK.js            [39m[1m[2m  180.91 kB[22m[1m[22m[2m │ gzip:  43.35 kB[22m
[2m../../../../../var/folders/0m/8gt_k225255dxvm5hdptxr_c0000gq/T/chromatic--18536-XvuksUW2SIdV/[22m[2massets/[22m[36mformatter-B5HCVTEV-DEXsP1U8.js             [39m[1m[2m  210.77 kB[22m[1m[22m[2m │ gzip:  70.65 kB[22m
[2m../../../../../var/folders/0m/8gt_k225255dxvm5hdptxr_c0000gq/T/chromatic--18536-XvuksUW2SIdV/[22m[2massets/[22m[36mentry-preview-docs-uyI-TnvV.js             [39m[1m[2m  212.76 kB[22m[1m[22m[2m │ gzip:  66.59 kB[22m
[2m../../../../../var/folders/0m/8gt_k225255dxvm5hdptxr_c0000gq/T/chromatic--18536-XvuksUW2SIdV/[22m[2massets/[22m[36mauth_environment-CFT7gnKc.js               [39m[1m[2m  255.41 kB[22m[1m[22m[2m │ gzip:  62.84 kB[22m
[2m../../../../../var/folders/0m/8gt_k225255dxvm5hdptxr_c0000gq/T/chromatic--18536-XvuksUW2SIdV/[22m[2massets/[22m[36mdata-DhI5boPJ.js                           [39m[1m[2m  257.93 kB[22m[1m[22m[2m │ gzip:  83.65 kB[22m
[2m../../../../../var/folders/0m/8gt_k225255dxvm5hdptxr_c0000gq/T/chromatic--18536-XvuksUW2SIdV/[22m[2massets/[22m[36mResources-j6C0LnZr.js                      [39m[1m[2m  328.40 kB[22m[1m[22m[2m │ gzip: 103.59 kB[22m
[2m../../../../../var/folders/0m/8gt_k225255dxvm5hdptxr_c0000gq/T/chromatic--18536-XvuksUW2SIdV/[22m[2massets/[22m[36mindex-CFLrRDKN.js                          [39m[1m[33m  531.37 kB[39m[22m[2m │ gzip: 169.44 kB[22m
[2m../../../../../var/folders/0m/8gt_k225255dxvm5hdptxr_c0000gq/T/chromatic--18536-XvuksUW2SIdV/[22m[2massets/[22m[36mindex-CCdnnRyQ.js                          [39m[1m[33m  584.54 kB[39m[22m[2m │ gzip: 176.81 kB[22m
[2m../../../../../var/folders/0m/8gt_k225255dxvm5hdptxr_c0000gq/T/chromatic--18536-XvuksUW2SIdV/[22m[2massets/[22m[36mEDSIconPreview.stories-fc_UkdYm.js         [39m[1m[33m  672.09 kB[39m[22m[2m │ gzip: 116.43 kB[22m
[2m../../../../../var/folders/0m/8gt_k225255dxvm5hdptxr_c0000gq/T/chromatic--18536-XvuksUW2SIdV/[22m[2massets/[22m[36mindex-xJp9Kd2E.js                          [39m[1m[33m2,569.29 kB[39m[22m[2m │ gzip: 982.51 kB[22m
[32m✓ built in 12.55s[39m
info => Preview built (14 s)
info => Output directory: /var/folders/0m/8gt_k225255dxvm5hdptxr_c0000gq/T/chromatic--18536-XvuksUW2SIdV
